c:\simulatorproject\sim\sim\sim\debug\vc140.pdb
c:\simulatorproject\sim\sim\sim\debug\vc140.idb
c:\simulatorproject\sim\sim\sim\debug\formula.obj
c:\simulatorproject\sim\sim\sim\debug\io.obj
c:\simulatorproject\sim\sim\sim\debug\main.obj
c:\simulatorproject\sim\sim\sim\debug\mapping.obj
c:\simulatorproject\sim\sim\sim\debug\neurosim.obj
c:\simulatorproject\sim\sim\sim\debug\adder.obj
c:\simulatorproject\sim\sim\sim\debug\dff.obj
c:\simulatorproject\sim\sim\sim\debug\functionunit.obj
c:\simulatorproject\sim\sim\sim\debug\mux.obj
c:\simulatorproject\sim\sim\sim\debug\readcircuit.obj
c:\simulatorproject\sim\sim\sim\debug\rowdecoder.obj
c:\simulatorproject\sim\sim\sim\debug\shiftadd.obj
c:\simulatorproject\sim\sim\sim\debug\subarray.obj
c:\simulatorproject\sim\sim\sim\debug\switchmatrix.obj
c:\simulatorproject\sim\sim\sim\debug\technology.obj
c:\simulatorproject\sim\sim\sim\debug\wldecoderoutput.obj
c:\simulatorproject\sim\sim\sim\debug\param.obj
c:\simulatorproject\sim\sim\sim\debug\test.obj
c:\simulatorproject\sim\sim\sim\debug\train.obj
c:\simulatorproject\sim\sim\sim\debug\array.obj
c:\simulatorproject\sim\sim\sim\debug\cell.obj
c:\simulatorproject\sim\sim\debug\sim.pdb
c:\simulatorproject\sim\sim\sim\debug\sim.tlog\cl.command.1.tlog
c:\simulatorproject\sim\sim\sim\debug\sim.tlog\cl.read.1.tlog
c:\simulatorproject\sim\sim\sim\debug\sim.tlog\cl.write.1.tlog
c:\simulatorproject\sim\sim\sim\debug\sim.tlog\link-cvtres.read.1.tlog
c:\simulatorproject\sim\sim\sim\debug\sim.tlog\link-cvtres.write.1.tlog
c:\simulatorproject\sim\sim\sim\debug\sim.tlog\link-rc.read.1.tlog
c:\simulatorproject\sim\sim\sim\debug\sim.tlog\link-rc.write.1.tlog
c:\simulatorproject\sim\sim\sim\debug\sim.tlog\link.command.1.tlog
c:\simulatorproject\sim\sim\sim\debug\sim.tlog\link.read.1.tlog
c:\simulatorproject\sim\sim\sim\debug\sim.tlog\link.write.1.tlog
